<?xml version="1.0" encoding="UTF-8"?>
<!-- Generated by org.testng.reporters.JUnitReportReporter -->
<testsuite hostname="DESKTOP-H3SNJHA" failures="0" tests="1" name="com.symbion.shop.testcases.homePageTest" time="66.338" errors="0" timestamp="2021-04-18T13:29:12 IST" skipped="0">
  <testcase classname="com.symbion.shop.testcases.homePageTest" name="OrderingSelection" time="66.338"/>
  <system-out/>
</testsuite> <!-- com.symbion.shop.testcases.homePageTest -->
